Start testing: Mar 06 19:35 ora solare Europa occidentale
----------------------------------------------------------
1/1 Testing: test-a0
1/1 Test: test-a0
Command: "C:/Users/DELL/Desktop/University/CMM/a0-Memphis99/build/src/test-a0/Release/test-a0.exe"
Directory: C:/Users/DELL/Desktop/University/CMM/a0-Memphis99/build/src/test-a0
"test-a0" start time: Mar 06 19:35 ora solare Europa occidentale
Output:
----------------------------------------------------------
full name : "Andrea Bionda"
student id: "21-952-023"
nethz name: "abionda"
<end of output>
Test time =   0.01 sec
----------------------------------------------------------
Test Passed.
"test-a0" end time: Mar 06 19:35 ora solare Europa occidentale
"test-a0" time elapsed: 00:00:00
----------------------------------------------------------

End testing: Mar 06 19:35 ora solare Europa occidentale
